<?xml version="1.0" encoding="UTF-8"?>
<!-- Generated by org.testng.reporters.JUnitReportReporter -->
<testsuite skipped="0" hostname="LAPTOP-LQ54OSC2" name="util.RunningTestNG" tests="1" failures="0" timestamp="2021-08-29T22:40:24 CDT" time="4.747" errors="0">
  <testcase name="TestNGAutomation" time="4.747" classname="util.RunningTestNG"/>
  <system-out/>
</testsuite> <!-- util.RunningTestNG -->
